  test267.c
test267.obj : error LNK2019: _add_list_main 함수에서 참조되는 확인할 수 없는 외부 기호
D:\mysources\C_PL\C300\Project267\Debug\Project267.exe : fatal error LNK1120: 1개의 확인할 수 없는 외부 참조입니다.
