  test265.c
D:\mysources\C_PL\C300\Project265\Project265\test265.c(36,7): warning C4013: 'gets'이(가) 정의되지 않았습니다. extern은 int형을 반환하는 것으로 간주합니다.
D:\mysources\C_PL\C300\Project265\Project265\test265.c(55,4): error C2143: 구문 오류: ';'이(가) 'break' 앞에 없습니다.
D:\mysources\C_PL\C300\Project265\Project265\test265.c(57,4): error C2143: 구문 오류: ';'이(가) 'break' 앞에 없습니다.
D:\mysources\C_PL\C300\Project265\Project265\test265.c(59,4): error C2143: 구문 오류: ';'이(가) 'break' 앞에 없습니다.
D:\mysources\C_PL\C300\Project265\Project265\test265.c(61,4): error C2143: 구문 오류: ';'이(가) 'break' 앞에 없습니다.
D:\mysources\C_PL\C300\Project265\Project265\test265.c(63,4): error C2143: 구문 오류: ';'이(가) 'break' 앞에 없습니다.
D:\mysources\C_PL\C300\Project265\Project265\test265.c(69,18): error C2065: 'vallue1': 선언되지 않은 식별자입니다.
D:\mysources\C_PL\C300\Project265\Project265\test265.c(86,9): error C2065: 'value': 선언되지 않은 식별자입니다.
